<?xml version="1.0" encoding="UTF-8"?>
<!-- Generated by org.testng.reporters.JUnitXMLReporter -->
<testsuite ignored="0" hostname="DESKTOP-0UFPIA0" failures="1" tests="1" name="TestBank" time="21.813" errors="0" timestamp="21 Jun 2019 19:58:41 GMT">
  <testcase classname="seleniumSamples.BrokenLinkTest" name="testDropdown" time="21.301">
    <failure type="java.net.MalformedURLException" message="no protocol: ">
      <![CDATA[java.net.MalformedURLException: no protocol: 
	at java.base/java.net.URL.<init>(URL.java:650)
	at java.base/java.net.URL.<init>(URL.java:546)
	at java.base/java.net.URL.<init>(URL.java:493)
	at seleniumSamples.BrokenLinkTest.testDropdown(BrokenLinkTest.java:67)
... Removed 25 stack frames]]>
    </failure>
  </testcase> <!-- testDropdown -->
</testsuite> <!-- TestBank -->
