<?xml version="1.0" encoding="UTF-8"?>
<!-- Generated by org.testng.reporters.JUnitXMLReporter -->
<testsuite hostname="sivaram" ignored="0" name="Test1" tests="1" failures="1" timestamp="05 Jun 2019 09:55:06 GMT" time="0.049" errors="0">
  <testcase name="@AfterTest tearDown" time="0.0" classname="com.testng.multibrowser.MultiBrowserDemo">
    <failure type="java.lang.NullPointerException">
      <![CDATA[java.lang.NullPointerException
	at com.testng.multibrowser.MultiBrowserDemo.tearDown(MultiBrowserDemo.java:46)
... Removed 23 stack frames]]>
    </failure>
  </testcase> <!-- @AfterTest tearDown -->
  <testcase name="test1" time="0.013" classname="com.testng.multibrowser.MultiBrowserDemo">
    <failure type="java.lang.NullPointerException">
      <![CDATA[java.lang.NullPointerException
	at com.testng.multibrowser.MultiBrowserDemo.test1(MultiBrowserDemo.java:41)
... Removed 25 stack frames]]>
    </failure>
  </testcase> <!-- test1 -->
</testsuite> <!-- Test1 -->
