<?xml version="1.0" encoding="UTF-8"?>
<testng-results ignored="0" total="1" passed="0" failed="1" skipped="0">
  <reporter-output>
  </reporter-output>
  <suite started-at="2019-06-21T19:58:19Z" name="SampleBank" finished-at="2019-06-21T19:58:41Z" duration-ms="21813">
    <groups>
    </groups>
    <test started-at="2019-06-21T19:58:19Z" name="TestBank" finished-at="2019-06-21T19:58:41Z" duration-ms="21813">
      <class name="seleniumSamples.BrokenLinkTest">
        <test-method signature="testDropdown()[pri:0, instance:seleniumSamples.BrokenLinkTest@60dcc9fe]" started-at="2019-06-22T01:28:20Z" name="testDropdown" finished-at="2019-06-22T01:28:41Z" duration-ms="21301" status="FAIL">
          <exception class="java.net.MalformedURLException">
            <message>
              <![CDATA[no protocol: ]]>
            </message>
            <full-stacktrace>
              <![CDATA[java.net.MalformedURLException: no protocol: 
	at java.base/java.net.URL.<init>(URL.java:650)
	at java.base/java.net.URL.<init>(URL.java:546)
	at java.base/java.net.URL.<init>(URL.java:493)
	at seleniumSamples.BrokenLinkTest.testDropdown(BrokenLinkTest.java:67)
	at java.base/jdk.internal.reflect.NativeMethodAccessorImpl.invoke0(Native Method)
	at java.base/jdk.internal.reflect.NativeMethodAccessorImpl.invoke(NativeMethodAccessorImpl.java:62)
	at java.base/jdk.internal.reflect.DelegatingMethodAccessorImpl.invoke(DelegatingMethodAccessorImpl.java:43)
	at java.base/java.lang.reflect.Method.invoke(Method.java:567)
	at org.testng.internal.MethodInvocationHelper.invokeMethod(MethodInvocationHelper.java:108)
	at org.testng.internal.Invoker.invokeMethod(Invoker.java:661)
	at org.testng.internal.Invoker.invokeTestMethod(Invoker.java:869)
	at org.testng.internal.Invoker.invokeTestMethods(Invoker.java:1193)
	at org.testng.internal.TestMethodWorker.invokeTestMethods(TestMethodWorker.java:126)
	at org.testng.internal.TestMethodWorker.run(TestMethodWorker.java:109)
	at org.testng.TestRunner.privateRun(TestRunner.java:744)
	at org.testng.TestRunner.run(TestRunner.java:602)
	at org.testng.SuiteRunner.runTest(SuiteRunner.java:380)
	at org.testng.SuiteRunner.runSequentially(SuiteRunner.java:375)
	at org.testng.SuiteRunner.privateRun(SuiteRunner.java:340)
	at org.testng.SuiteRunner.run(SuiteRunner.java:289)
	at org.testng.SuiteRunnerWorker.runSuite(SuiteRunnerWorker.java:52)
	at org.testng.SuiteRunnerWorker.run(SuiteRunnerWorker.java:86)
	at org.testng.TestNG.runSuitesSequentially(TestNG.java:1301)
	at org.testng.TestNG.runSuitesLocally(TestNG.java:1226)
	at org.testng.TestNG.runSuites(TestNG.java:1144)
	at org.testng.TestNG.run(TestNG.java:1115)
	at org.testng.remote.AbstractRemoteTestNG.run(AbstractRemoteTestNG.java:115)
	at org.testng.remote.RemoteTestNG.initAndRun(RemoteTestNG.java:251)
	at org.testng.remote.RemoteTestNG.main(RemoteTestNG.java:77)
]]>
            </full-stacktrace>
          </exception> <!-- java.net.MalformedURLException -->
          <reporter-output>
          </reporter-output>
        </test-method> <!-- testDropdown -->
      </class> <!-- seleniumSamples.BrokenLinkTest -->
    </test> <!-- TestBank -->
  </suite> <!-- SampleBank -->
</testng-results>
