<?xml version="1.0" encoding="UTF-8"?>
<!-- Generated by org.testng.reporters.JUnitReportReporter -->
<testsuite name="testngignore.TestNGIgnoreDemo" tests="3" time="0.011" ignored="0" failures="0" timestamp="05 Jun 2019 15:28:06 GMT" skipped="0" hostname="sivaram" errors="0">
  <testcase name="test2" time="0.002" classname="testngignore.TestNGIgnoreDemo"/>
  <testcase name="test3" time="0.002" classname="testngignore.TestNGIgnoreDemo"/>
  <testcase name="test1" time="0.007" classname="testngignore.TestNGIgnoreDemo"/>
</testsuite> <!-- testngignore.TestNGIgnoreDemo -->
