<?xml version="1.0" encoding="UTF-8"?>
<!-- Generated by org.testng.reporters.JUnitReportReporter -->
<testsuite name="com.testng.prioritydemo.TestNGpriorityDemo" tests="3" time="0.010" ignored="0" failures="0" timestamp="05 Jun 2019 09:02:23 GMT" skipped="0" hostname="sivaram" errors="0">
  <testcase name="three" time="0.001" classname="com.testng.prioritydemo.TestNGpriorityDemo"/>
  <testcase name="two" time="0.001" classname="com.testng.prioritydemo.TestNGpriorityDemo"/>
  <testcase name="one" time="0.008" classname="com.testng.prioritydemo.TestNGpriorityDemo"/>
</testsuite> <!-- com.testng.prioritydemo.TestNGpriorityDemo -->
